十二月 25, 2020 5:12:05 下午 io.github.yedaxia.apidocs.LogUtils info
信息: info: find java src paths:  [/Users/fangzhengwei/Desktop/demo/src/main/java/]
十二月 25, 2020 5:12:05 下午 io.github.yedaxia.apidocs.LogUtils info
信息: info: project type not set, try to figure out...
十二月 25, 2020 5:12:05 下午 io.github.yedaxia.apidocs.LogUtils info
信息: info: start find controllers in path : /Users/fangzhengwei/Desktop/demo/src/main/java/
十二月 25, 2020 5:12:05 下午 io.github.yedaxia.apidocs.LogUtils info
信息: info: find controller file : HelloController.java
十二月 25, 2020 5:12:05 下午 io.github.yedaxia.apidocs.LogUtils info
信息: info: find controller file : UserController.java
十二月 25, 2020 5:12:05 下午 io.github.yedaxia.apidocs.LogUtils info
信息: info: start to parse controller file : HelloController.java
十二月 25, 2020 5:12:05 下午 io.github.yedaxia.apidocs.LogUtils info
信息: info: success to parse controller file : HelloController.java
十二月 25, 2020 5:12:05 下午 io.github.yedaxia.apidocs.LogUtils info
信息: info: start to parse controller file : UserController.java
十二月 25, 2020 5:12:06 下午 io.github.yedaxia.apidocs.LogUtils info
信息: info: success to parse controller file : UserController.java
十二月 25, 2020 5:12:06 下午 io.github.yedaxia.apidocs.LogUtils info
信息: info: generate api docs start...
十二月 25, 2020 5:12:06 下午 io.github.yedaxia.apidocs.LogUtils info
信息: info: start to generate docs for controller file : /Users/fangzhengwei/Desktop/demo/src/main/java/com/example/demo/HelloController.java
十二月 25, 2020 5:12:07 下午 io.github.yedaxia.apidocs.LogUtils info
信息: info: success to generate docs for controller file : /Users/fangzhengwei/Desktop/demo/src/main/java/com/example/demo/HelloController.java
十二月 25, 2020 5:12:07 下午 io.github.yedaxia.apidocs.LogUtils info
信息: info: start to generate docs for controller file : /Users/fangzhengwei/Desktop/demo/src/main/java/com/example/demo/UserController.java
十二月 25, 2020 5:12:07 下午 io.github.yedaxia.apidocs.LogUtils info
信息: info: success to generate docs for controller file : /Users/fangzhengwei/Desktop/demo/src/main/java/com/example/demo/UserController.java
十二月 25, 2020 5:12:07 下午 io.github.yedaxia.apidocs.LogUtils info
信息: info: generate index start !!!
十二月 25, 2020 5:12:07 下午 io.github.yedaxia.apidocs.LogUtils info
信息: info: generate index done !!!
十二月 25, 2020 5:12:07 下午 io.github.yedaxia.apidocs.LogUtils info
信息: info: generate api docs done !!!
